<?xml version="1.0" encoding="utf-8"?><testsuites name="pytest tests"><testsuite name="pytest" errors="0" failures="0" skipped="0" tests="7" time="24.311" timestamp="2026-09-18T13:30:12.765784+00:00" hostname="agent-env-408667ce-1e45-4729-baa6-b8df4af30449"><testcase classname="tests.test_rapor_onyukleme_api_v17" name="test_login_success" time="2.073" /><testcase classname="tests.test_rapor_onyukleme_api_v17" name="test_sistem_durum_surum" time="0.002" /><testcase classname="tests.test_rapor_onyukleme_api_v17" name="test_liste_no_token_unauthorized" time="0.001" /><testcase classname="tests.test_rapor_onyukleme_api_v17" name="test_liste_missing_tenant_422" time="0.150" /><testcase classname="tests.test_rapor_onyukleme_api_v17" name="test_liste_basic_shape" time="0.768" /><testcase classname="tests.test_rapor_onyukleme_api_v17" name="test_usage_counting_flow" time="20.260" /><testcase classname="tests.test_rapor_onyukleme_api_v17" name="test_dashboard_regression" time="0.997" /></testsuite></testsuites>