<?xml version="1.0" encoding="utf-8"?><testsuites name="pytest tests"><testsuite name="pytest" errors="0" failures="1" skipped="0" tests="5" time="24.506" timestamp="2026-08-08T09:58:51.106447+00:00" hostname="agent-env-408667ce-1e45-4729-baa6-b8df4af30449"><testcase classname="tests.test_iter13_fail_fast.TestMySQLDiagnosis" name="test_mysql_tcp_no_greeting" time="3.125" /><testcase classname="tests.test_iter13_fail_fast.TestFailFastLogin" name="test_login_returns_fast_error" time="20.596"><failure message="AssertionError: Login hung for 20.6s (expected fast fail)&#10;assert 20.59504795074463 &lt; 20">tests/test_iter13_fail_fast.py:66: in test_login_returns_fast_error
    assert dur &lt; 20, f"Login hung for {dur:.1f}s (expected fast fail)"
E   AssertionError: Login hung for 20.6s (expected fast fail)
E   assert 20.59504795074463 &lt; 20</failure></testcase><testcase classname="tests.test_iter13_fail_fast.TestFailFastLogin" name="test_login_circuit_breaker_fast_repeats" time="0.277" /><testcase classname="tests.test_iter13_fail_fast.TestBackendStaysAlive" name="test_root_endpoint_alive" time="0.122" /><testcase classname="tests.test_iter13_fail_fast.TestBackendStaysAlive" name="test_backend_still_responds_after_login_attempts" time="0.275" /></testsuite></testsuites>