<?xml version="1.0" encoding="utf-8"?><testsuites name="pytest tests"><testsuite name="pytest" errors="0" failures="1" skipped="0" tests="9" time="33.038" timestamp="2026-07-21T14:28:18.151858+00:00" hostname="agent-env-408667ce-1e45-4729-baa6-b8df4af30449"><testcase classname="backend.tests.test_extre_fis_speed.TestCariExtre" name="test_cache_only_known_cari_fast" time="2.255" /><testcase classname="backend.tests.test_extre_fis_speed.TestCariExtre" name="test_cache_only_unknown_cari_no_hang" time="0.857" /><testcase classname="backend.tests.test_extre_fis_speed.TestCariExtre" name="test_missing_params_400" time="0.225" /><testcase classname="backend.tests.test_extre_fis_speed.TestFisDetail" name="test_cache_only_known_fis_fast" time="0.508" /><testcase classname="backend.tests.test_extre_fis_speed.TestFisDetail" name="test_cache_only_unknown_fis_empty_fast" time="1.558" /><testcase classname="backend.tests.test_extre_fis_speed.TestFisDetail" name="test_unknown_fis_without_cache_only_capped" time="26.085"><failure message="AssertionError: got 500: {&quot;detail&quot;:&quot;&quot;}&#10;assert 500 != 500&#10; +  where 500 = &lt;Response [500]&gt;.status_code">backend/tests/test_extre_fis_speed.py:131: in test_unknown_fis_without_cache_only_capped
    assert r.status_code != 500, f"got 500: {r.text[:300]}"
E   AssertionError: got 500: {"detail":""}
E   assert 500 != 500
E    +  where 500 = &lt;Response [500]&gt;.status_code</failure></testcase><testcase classname="backend.tests.test_extre_fis_speed.TestFisDetail" name="test_missing_params_400" time="0.224" /><testcase classname="backend.tests.test_extre_fis_speed.TestStockCache" name="test_stock_extre_cache_only_fast" time="0.375" /><testcase classname="backend.tests.test_extre_fis_speed.TestStockCache" name="test_stock_detail_cache_only_fast" time="0.832" /></testsuite></testsuites>