<?xml version="1.0" encoding="utf-8"?><testsuites name="pytest tests"><testsuite name="pytest" errors="0" failures="0" skipped="0" tests="10" time="22.242" timestamp="2026-09-19T12:12:03.209115+00:00" hostname="agent-env-408667ce-1e45-4729-baa6-b8df4af30449"><testcase classname="backend.tests.test_v19_stok_akis_urun_trend.TestSistemDurum" name="test_surum_matches_v19" time="3.724" /><testcase classname="backend.tests.test_v19_stok_akis_urun_trend.TestGunlukUrunDetay" name="test_happy_path_galeta" time="2.681" /><testcase classname="backend.tests.test_v19_stok_akis_urun_trend.TestGunlukUrunDetay" name="test_missing_stok_id_and_adi_returns_400" time="0.678" /><testcase classname="backend.tests.test_v19_stok_akis_urun_trend.TestGunlukUrunDetay" name="test_bad_tarih_returns_422" time="0.275" /><testcase classname="backend.tests.test_v19_stok_akis_urun_trend.TestHaftalikUrunTrend" name="test_happy_path_merkez_limit5" time="2.425" /><testcase classname="backend.tests.test_v19_stok_akis_urun_trend.TestHaftalikUrunTrend" name="test_limit_zero_returns_422" time="0.301" /><testcase classname="backend.tests.test_v19_stok_akis_urun_trend.TestStockListStream" name="test_large_tenant_stream_page2" time="1.336" /><testcase classname="backend.tests.test_v19_stok_akis_urun_trend.TestStockListStream" name="test_large_tenant_stream_with_search" time="7.942" /><testcase classname="backend.tests.test_v19_stok_akis_urun_trend.TestStockListStream" name="test_small_tenant_regression" time="1.442" /><testcase classname="backend.tests.test_v19_stok_akis_urun_trend.TestGunlukUrunSatisRegression" name="test_merkez_2026_09_14" time="1.350" /></testsuite></testsuites>