<?xml version="1.0" encoding="utf-8"?><testsuites name="pytest tests"><testsuite name="pytest" errors="0" failures="0" skipped="0" tests="9" time="5.254" timestamp="2026-07-30T09:51:37.735458+00:00" hostname="agent-env-408667ce-1e45-4729-baa6-b8df4af30449"><testcase classname="backend.tests.test_islem_kuyrugu.TestCatalog" name="test_turler_returns_9" time="0.853" /><testcase classname="backend.tests.test_islem_kuyrugu.TestCatalog" name="test_kasalar_returns_seeded_5" time="1.079" /><testcase classname="backend.tests.test_islem_kuyrugu.TestCreateDirection" name="test_type2_reversed_direction" time="0.845" /><testcase classname="backend.tests.test_islem_kuyrugu.TestCreateDirection" name="test_type1_original_direction_regression" time="0.843" /><testcase classname="backend.tests.test_islem_kuyrugu.TestValidation" name="test_cek_missing_vade_400" time="0.196" /><testcase classname="backend.tests.test_islem_kuyrugu.TestValidation" name="test_tutar_zero_400" time="0.192" /><testcase classname="backend.tests.test_islem_kuyrugu.TestValidation" name="test_invalid_type_400" time="0.198" /><testcase classname="backend.tests.test_islem_kuyrugu.TestCekRecord" name="test_cek_full_record" time="0.843" /><testcase classname="backend.tests.test_islem_kuyrugu.TestAuth" name="test_create_requires_auth" time="0.137" /></testsuite></testsuites>