<?xml version="1.0" encoding="utf-8"?><testsuites name="pytest tests"><testsuite name="pytest" errors="0" failures="0" skipped="0" tests="8" time="4.704" timestamp="2026-07-30T10:46:13.483141+00:00" hostname="agent-env-408667ce-1e45-4729-baa6-b8df4af30449"><testcase classname="backend.tests.test_sayim_giris_kuyrugu.TestSayimCreateHappy" name="test_happy_two_satirlar" time="2.277" /><testcase classname="backend.tests.test_sayim_giris_kuyrugu.TestSayimCreateHappy" name="test_happy_with_lokasyon" time="0.486" /><testcase classname="backend.tests.test_sayim_giris_kuyrugu.TestSayimValidation" name="test_empty_satirlar_400" time="0.186" /><testcase classname="backend.tests.test_sayim_giris_kuyrugu.TestSayimValidation" name="test_negative_miktar_400" time="0.184" /><testcase classname="backend.tests.test_sayim_giris_kuyrugu.TestSayimValidation" name="test_missing_token_403" time="0.097" /><testcase classname="backend.tests.test_sayim_giris_kuyrugu.TestSayimValidation" name="test_malformed_missing_ad_400" time="0.186" /><testcase classname="backend.tests.test_sayim_giris_kuyrugu.TestSayimValidation" name="test_malformed_missing_stok_id_400" time="0.188" /><testcase classname="backend.tests.test_sayim_giris_kuyrugu" name="test_zz_cleanup_created_rows" time="1.037" /></testsuite></testsuites>