<?xml version="1.0" encoding="utf-8"?><testsuites name="pytest tests"><testsuite name="pytest" errors="0" failures="0" skipped="0" tests="11" time="7.007" timestamp="2026-08-13T15:57:01.302802+00:00" hostname="agent-env-408667ce-1e45-4729-baa6-b8df4af30449"><testcase classname="tests.test_report_filter_options.TestRegression" name="test_login_returns_access_token" time="1.355" /><testcase classname="tests.test_report_filter_options.TestRegression" name="test_sistem_durum_surum" time="0.131" /><testcase classname="tests.test_report_filter_options.TestReportFilterOptionsHealthy" name="test_lokasyon_returns_non_empty_rows" time="0.919" /><testcase classname="tests.test_report_filter_options.TestReportFilterOptionsHealthy" name="test_personel_returns_200_with_list" time="0.669" /><testcase classname="tests.test_report_filter_options.TestReportFilterOptionsHealthy" name="test_fis_turu_returns_200_with_list" time="0.671" /><testcase classname="tests.test_report_filter_options.TestReportFilterOptionsHealthy" name="test_second_call_is_fresh_cached" time="1.120" /><testcase classname="tests.test_report_filter_options.TestReportFilterOptionsEmpty" name="test_empty_tenant_lokasyon_no_hang" time="0.553" /><testcase classname="tests.test_report_filter_options.TestReportFilterOptionsEmpty" name="test_empty_tenant_returns_quickly" time="0.732" /><testcase classname="tests.test_report_filter_options.TestReportFilterOptionsValidation" name="test_missing_tenant_returns_400" time="0.334" /><testcase classname="tests.test_report_filter_options.TestReportFilterOptionsValidation" name="test_missing_source_returns_400" time="0.279" /><testcase classname="tests.test_report_filter_options.TestReportFilterOptionsValidation" name="test_no_auth_returns_401" time="0.123" /></testsuite></testsuites>