<?xml version="1.0" encoding="utf-8"?><testsuites name="pytest tests"><testsuite name="pytest" errors="0" failures="0" skipped="0" tests="9" time="7.300" timestamp="2026-07-30T10:22:20.308203+00:00" hostname="agent-env-408667ce-1e45-4729-baa6-b8df4af30449"><testcase classname="backend.tests.test_fis_giris_kuyrugu.TestKasalar" name="test_kasalar_ok" time="4.788" /><testcase classname="backend.tests.test_fis_giris_kuyrugu.TestFisCreateHappy" name="test_satis_faturasi_acik_hesap" time="0.838" /><testcase classname="backend.tests.test_fis_giris_kuyrugu.TestFisCreateHappy" name="test_nakit_with_kasa" time="0.496" /><testcase classname="backend.tests.test_fis_giris_kuyrugu.TestFisValidation" name="test_empty_satirlar_400" time="0.193" /><testcase classname="backend.tests.test_fis_giris_kuyrugu.TestFisValidation" name="test_invalid_fis_tipi_400" time="0.193" /><testcase classname="backend.tests.test_fis_giris_kuyrugu.TestFisValidation" name="test_nakit_without_kasa_400" time="0.199" /><testcase classname="backend.tests.test_fis_giris_kuyrugu.TestFisValidation" name="test_kart_without_kasa_400" time="0.198" /><testcase classname="backend.tests.test_fis_giris_kuyrugu.TestFisValidation" name="test_total_zero_400" time="0.192" /><testcase classname="backend.tests.test_fis_giris_kuyrugu.TestFisValidation" name="test_requires_auth" time="0.139" /></testsuite></testsuites>