<?xml version="1.0" encoding="utf-8"?><testsuites name="pytest tests"><testsuite name="pytest" errors="0" failures="0" skipped="0" tests="16" time="11.990" timestamp="2026-08-13T16:03:45.080044+00:00" hostname="agent-env-408667ce-1e45-4729-baa6-b8df4af30449"><testcase classname="backend.tests.test_report_filter_options.TestRegression" name="test_login_returns_access_token" time="1.809" /><testcase classname="backend.tests.test_report_filter_options.TestRegression" name="test_sistem_durum_surum" time="0.125" /><testcase classname="backend.tests.test_report_filter_options.TestReportFilterOptionsHealthy" name="test_lokasyon_returns_non_empty_rows" time="0.734" /><testcase classname="backend.tests.test_report_filter_options.TestReportFilterOptionsHealthy" name="test_personel_returns_200_with_list" time="0.652" /><testcase classname="backend.tests.test_report_filter_options.TestReportFilterOptionsHealthy" name="test_fis_turu_returns_200_with_list" time="0.559" /><testcase classname="backend.tests.test_report_filter_options.TestReportFilterOptionsHealthy" name="test_second_call_is_fresh_cached" time="1.040" /><testcase classname="backend.tests.test_report_filter_options.TestReportFilterOptionsEmpty" name="test_empty_tenant_lokasyon_no_hang" time="0.419" /><testcase classname="backend.tests.test_report_filter_options.TestReportFilterOptionsEmpty" name="test_empty_tenant_returns_quickly" time="0.735" /><testcase classname="backend.tests.test_report_filter_options.TestDeletedRowTenant" name="test_lokasyon_returns_200_graceful_empty" time="0.567" /><testcase classname="backend.tests.test_report_filter_options.TestDeletedRowTenant" name="test_lokasyon_completes_quickly" time="0.599" /><testcase classname="backend.tests.test_report_filter_options.TestDeletedRowTenant" name="test_multiple_sources_all_200" time="2.112" /><testcase classname="backend.tests.test_report_filter_options.TestDatasetCacheRowAbsence" name="test_no_rap_filtre_lookup_row_for_deleted_tenant" time="0.910" /><testcase classname="backend.tests.test_report_filter_options.TestDatasetCacheRowAbsence" name="test_healthy_tenant_row_still_present" time="0.881" /><testcase classname="backend.tests.test_report_filter_options.TestReportFilterOptionsValidation" name="test_missing_tenant_returns_400" time="0.386" /><testcase classname="backend.tests.test_report_filter_options.TestReportFilterOptionsValidation" name="test_missing_source_returns_400" time="0.278" /><testcase classname="backend.tests.test_report_filter_options.TestReportFilterOptionsValidation" name="test_no_auth_returns_401" time="0.116" /></testsuite></testsuites>