<?xml version="1.0" encoding="utf-8"?><testsuites name="pytest tests"><testsuite name="pytest" errors="0" failures="0" skipped="0" tests="3" time="2.389" timestamp="2026-08-07T16:01:48.234388+00:00" hostname="agent-env-408667ce-1e45-4729-baa6-b8df4af30449"><testcase classname="backend.tests.test_accessibility_iter12.TestAccessibility" name="test_root_loads_200" time="0.181" /><testcase classname="backend.tests.test_accessibility_iter12.TestAuth" name="test_login_returns_token_and_user" time="1.124" /><testcase classname="backend.tests.test_accessibility_iter12.TestIslemKaynakListe" name="test_lokasyon_list_ok_true" time="0.980" /></testsuite></testsuites>