<?xml version="1.0" encoding="utf-8"?><testsuites name="pytest tests"><testsuite name="pytest" errors="0" failures="0" skipped="0" tests="5" time="3.671" timestamp="2026-08-22T22:10:55.759292+00:00" hostname="agent-env-408667ce-1e45-4729-baa6-b8df4af30449"><testcase classname="backend.tests.test_haftalik_trend_iter19.TestHaftalikTrend" name="test_endpoint_merkez_shape" time="2.365" /><testcase classname="backend.tests.test_haftalik_trend_iter19.TestHaftalikTrend" name="test_endpoint_merkez_dates_ascending" time="0.447" /><testcase classname="backend.tests.test_haftalik_trend_iter19.TestHaftalikTrend" name="test_endpoint_live_tenant_has_data" time="0.470" /><testcase classname="backend.tests.test_haftalik_trend_iter19.TestHaftalikTrend" name="test_endpoint_requires_auth" time="0.098" /><testcase classname="backend.tests.test_haftalik_trend_iter19.TestHaftalikTrend" name="test_endpoint_missing_tenant_id" time="0.240" /></testsuite></testsuites>