<?xml version="1.0" encoding="utf-8"?><testsuites name="pytest tests"><testsuite name="pytest" errors="0" failures="0" skipped="0" tests="6" time="12.033" timestamp="2026-08-13T19:32:56.930248+00:00" hostname="agent-env-408667ce-1e45-4729-baa6-b8df4af30449"><testcase classname="backend.tests.test_barcode_price" name="test_sistem_durum_healthy" time="0.356" /><testcase classname="backend.tests.test_barcode_price" name="test_barcode_price_known" time="10.469" /><testcase classname="backend.tests.test_barcode_price" name="test_barcode_price_unknown" time="0.428" /><testcase classname="backend.tests.test_barcode_price" name="test_barcode_price_missing_barkod" time="0.307" /><testcase classname="backend.tests.test_barcode_price" name="test_barcode_price_missing_tenant" time="0.274" /><testcase classname="backend.tests.test_barcode_price" name="test_barcode_price_requires_auth" time="0.143" /></testsuite></testsuites>