<?xml version="1.0" encoding="utf-8"?><testsuites name="pytest tests"><testsuite name="pytest" errors="0" failures="0" skipped="0" tests="8" time="23.945" timestamp="2026-09-18T13:03:46.761523+00:00" hostname="agent-env-408667ce-1e45-4729-baa6-b8df4af30449"><testcase classname="backend.tests.test_report_run_pending_iter20" name="test_sistem_durum_surum" time="0.302" /><testcase classname="backend.tests.test_report_run_pending_iter20" name="test_report_run_returns_pending" time="5.541" /><testcase classname="backend.tests.test_report_run_pending_iter20" name="test_report_run_shared_bgtask_elapsed_grows" time="12.301" /><testcase classname="backend.tests.test_report_run_pending_iter20" name="test_report_run_cache_only_fast" time="0.763" /><testcase classname="backend.tests.test_report_run_pending_iter20" name="test_report_run_invalid_dataset" time="0.385" /><testcase classname="backend.tests.test_report_run_pending_iter20" name="test_report_run_missing_tenant" time="0.321" /><testcase classname="backend.tests.test_report_run_pending_iter20" name="test_dashboard_date_range" time="1.446" /><testcase classname="backend.tests.test_report_run_pending_iter20" name="test_dashboard_single_day" time="2.771" /></testsuite></testsuites>