<?xml version="1.0" encoding="utf-8"?><testsuites name="pytest tests"><testsuite name="pytest" errors="0" failures="1" skipped="0" tests="8" time="4.310" timestamp="2026-08-14T07:31:28.928378+00:00" hostname="agent-env-408667ce-1e45-4729-baa6-b8df4af30449"><testcase classname="backend.tests.test_forgot_password_iter17.TestForgotPasswordLockoutFix" name="test_1_baseline_login_before_forgot" time="1.412" /><testcase classname="backend.tests.test_forgot_password_iter17.TestForgotPasswordLockoutFix" name="test_2_forgot_password_returns_500_with_turkish_message_round1" time="0.615" /><testcase classname="backend.tests.test_forgot_password_iter17.TestForgotPasswordLockoutFix" name="test_3_password_still_works_after_failed_forgot_round1" time="0.510" /><testcase classname="backend.tests.test_forgot_password_iter17.TestForgotPasswordLockoutFix" name="test_4_forgot_password_500_round2_idempotent" time="0.512" /><testcase classname="backend.tests.test_forgot_password_iter17.TestForgotPasswordLockoutFix" name="test_5_password_still_works_after_failed_forgot_round2" time="0.527" /><testcase classname="backend.tests.test_forgot_password_iter17.TestForgotPasswordLockoutFix" name="test_6_unknown_email_returns_200_no_enumeration" time="0.242" /><testcase classname="backend.tests.test_forgot_password_iter17.TestForgotPasswordLockoutFix" name="test_7_empty_email_returns_400" time="0.074" /><testcase classname="backend.tests.test_forgot_password_iter17.TestLoginRegression" name="test_regression_other_account_login" time="0.219"><failure message="AssertionError: Regression login failed: 401 {&quot;detail&quot;:&quot;Kullanıcı adı/e-posta veya şifre hatalı&quot;}&#10;assert 401 == 200&#10; +  where 401 = &lt;Response [401]&gt;.status_code">backend/tests/test_forgot_password_iter17.py:90: in test_regression_other_account_login
    assert r.status_code == 200, f"Regression login failed: {r.status_code} {r.text}"
E   AssertionError: Regression login failed: 401 {"detail":"Kullanıcı adı/e-posta veya şifre hatalı"}
E   assert 401 == 200
E    +  where 401 = &lt;Response [401]&gt;.status_code</failure></testcase></testsuite></testsuites>