<?xml version="1.0" encoding="utf-8"?><testsuites name="pytest tests"><testsuite name="pytest" errors="0" failures="0" skipped="0" tests="6" time="33.117" timestamp="2026-07-14T08:57:37.071916+00:00" hostname="agent-env-408667ce-1e45-4729-baa6-b8df4af30449"><testcase classname="backend.tests.test_high_sale_detail_swr.TestHighSaleDetailSWR" name="test_missing_fis_id_returns_400" time="2.206" /><testcase classname="backend.tests.test_high_sale_detail_swr.TestHighSaleDetailSWR" name="test_missing_tenant_id_returns_400" time="0.303" /><testcase classname="backend.tests.test_high_sale_detail_swr.TestHighSaleDetailSWR" name="test_cache_only_fast_response" time="1.735" /><testcase classname="backend.tests.test_high_sale_detail_swr.TestHighSaleDetailSWR" name="test_allow_fetch_bounded_wall_time" time="25.922" /><testcase classname="backend.tests.test_high_sale_detail_swr.TestHighSaleDetailSWR" name="test_cache_only_alt_tenant_no_500" time="1.011" /><testcase classname="backend.tests.test_high_sale_detail_swr.TestIptalDetailRegression" name="test_iptal_detail_cache_only_fast" time="1.882" /></testsuite></testsuites>