<?xml version="1.0" encoding="utf-8"?><testsuites name="pytest tests"><testsuite name="pytest" errors="0" failures="0" skipped="0" tests="5" time="67.379" timestamp="2026-07-14T08:40:14.160427+00:00" hostname="agent-env-408667ce-1e45-4729-baa6-b8df4af30449"><testcase classname="backend.tests.test_iptal_detail_swr.TestIptalDetailSWR" name="test_missing_iptal_id_returns_400" time="2.357" /><testcase classname="backend.tests.test_iptal_detail_swr.TestIptalDetailSWR" name="test_missing_tenant_id_returns_400" time="0.291" /><testcase classname="backend.tests.test_iptal_detail_swr.TestIptalDetailSWR" name="test_cache_only_fast_response" time="3.207" /><testcase classname="backend.tests.test_iptal_detail_swr.TestIptalDetailSWR" name="test_allow_fetch_no_500" time="58.790" /><testcase classname="backend.tests.test_iptal_detail_swr.TestIptalDetailSWR" name="test_cache_only_alt_tenant" time="2.682" /></testsuite></testsuites>